Unity Editor version:    2021.3.1f1 (3b70a0754835)
Branch:                  2021.3/staging
Build type:              Release
Batch mode:              YES
macOS version:           Version 12.2.1 (Build 21D62)
Darwin version:          21.3.0
Architecture:            x86_64
Running under Rosetta:   YES
Available memory:        32768 MB
Using pre-set license
Pro License: YES

COMMAND LINE ARGUMENTS:
/Applications/Unity/Hub/Editor/2021.3.1f1/Unity.app/Contents/MacOS/Unity
-adb2
-batchMode
-noUpm
-name
AssetImportWorker0
-projectPath
/Users/dkNaAlTa/dev/code/nordicgamejam22
-logFile
Logs/AssetImportWorker0.log
-srvPort
52830
Successfully changed project path to: /Users/dkNaAlTa/dev/code/nordicgamejam22
/Users/dkNaAlTa/dev/code/nordicgamejam22
[UnityMemory] Configuration Parameters - Can be set up in boot.config
    "memorysetup-bucket-allocator-granularity=16"
    "memorysetup-bucket-allocator-bucket-count=8"
    "memorysetup-bucket-allocator-block-size=33554432"
    "memorysetup-bucket-allocator-block-count=8"
    "memorysetup-main-allocator-block-size=16777216"
    "memorysetup-thread-allocator-block-size=16777216"
    "memorysetup-gfx-main-allocator-block-size=16777216"
    "memorysetup-gfx-thread-allocator-block-size=16777216"
    "memorysetup-cache-allocator-block-size=4194304"
    "memorysetup-typetree-allocator-block-size=2097152"
    "memorysetup-profiler-bucket-allocator-granularity=16"
    "memorysetup-profiler-bucket-allocator-bucket-count=8"
    "memorysetup-profiler-bucket-allocator-block-size=33554432"
    "memorysetup-profiler-bucket-allocator-block-count=8"
    "memorysetup-profiler-allocator-block-size=16777216"
    "memorysetup-profiler-editor-allocator-block-size=1048576"
    "memorysetup-temp-allocator-size-main=16777216"
    "memorysetup-job-temp-allocator-block-size=2097152"
    "memorysetup-job-temp-allocator-block-size-background=1048576"
    "memorysetup-job-temp-allocator-reduction-small-platforms=262144"
    "memorysetup-temp-allocator-size-background-worker=32768"
    "memorysetup-temp-allocator-size-job-worker=262144"
    "memorysetup-temp-allocator-size-preload-manager=33554432"
    "memorysetup-temp-allocator-size-nav-mesh-worker=65536"
    "memorysetup-temp-allocator-size-audio-worker=65536"
    "memorysetup-temp-allocator-size-cloud-worker=32768"
    "memorysetup-temp-allocator-size-gi-baking-worker=262144"
    "memorysetup-temp-allocator-size-gfx=262144"
Refreshing native plugins compatible for Editor in 59.49 ms, found 3 plugins.
Preloading 0 native plugins for Editor in 0.00 ms.
Initialize engine version: 2021.3.1f1 (3b70a0754835)
[Subsystems] Discovering subsystems at path /Applications/Unity/Hub/Editor/2021.3.1f1/Unity.app/Contents/Resources/UnitySubsystems
[Subsystems] Discovering subsystems at path /Users/dkNaAlTa/dev/code/nordicgamejam22/Assets
GfxDevice: creating device client; threaded=0; jobified=0
 preferred device: Apple M1 Pro (high power)
Metal devices available: 1
0: Apple M1 Pro (high power)
Using device Apple M1 Pro (high power)
Initializing Metal device caps: Apple M1 Pro
Initialize mono
Mono path[0] = '/Applications/Unity/Hub/Editor/2021.3.1f1/Unity.app/Contents/Managed'
Mono path[1] = '/Applications/Unity/Hub/Editor/2021.3.1f1/Unity.app/Contents/MonoBleedingEdge/lib/mono/unityjit-macos'
Mono config path = '/Applications/Unity/Hub/Editor/2021.3.1f1/Unity.app/Contents/MonoBleedingEdge/etc'
Using monoOptions --debugger-agent=transport=dt_socket,embedding=1,server=y,suspend=n,address=127.0.0.1:56608
Begin MonoManager ReloadAssembly
Registering precompiled unity dll's ...
Register platform support module: /Applications/Unity/Hub/Editor/2021.3.1f1/Unity.app/Contents/PlaybackEngines/MacStandaloneSupport/UnityEditor.OSXStandalone.Extensions.dll
Registered in 0.000792 seconds.
Native extension for OSXStandalone target not found
Refreshing native plugins compatible for Editor in 59.63 ms, found 3 plugins.
Preloading 0 native plugins for Editor in 0.00 ms.
Mono: successfully reloaded assembly
- Completed reload, in  1.709 seconds
Domain Reload Profiling:
	ReloadAssembly (1710ms)
		BeginReloadAssembly (147ms)
			ExecutionOrderSort (0ms)
			DisableScriptedObjects (0ms)
			BackupInstance (0ms)
			ReleaseScriptingObjects (0ms)
			CreateAndSetChildDomain (3ms)
		EndReloadAssembly (1276ms)
			LoadAssemblies (146ms)
			RebuildTransferFunctionScriptingTraits (0ms)
			SetupTypeCache (141ms)
			ReleaseScriptCaches (0ms)
			RebuildScriptCaches (37ms)
			SetupLoadedEditorAssemblies (904ms)
				LogAssemblyErrors (0ms)
				InitializePlatformSupportModulesInManaged (23ms)
				SetLoadedEditorAssemblies (1ms)
				RefreshPlugins (60ms)
				BeforeProcessingInitializeOnLoad (5ms)
				ProcessInitializeOnLoadAttributes (617ms)
				ProcessInitializeOnLoadMethodAttributes (197ms)
				AfterProcessingInitializeOnLoad (0ms)
				EditorAssembliesLoaded (1ms)
			ExecutionOrderSort2 (0ms)
			AwakeInstancesAfterBackupRestoration (0ms)
Platform modules already initialized, skipping
Registering precompiled user dll's ...
Registered in 0.002360 seconds.
Begin MonoManager ReloadAssembly
Native extension for OSXStandalone target not found
Refreshing native plugins compatible for Editor in 61.56 ms, found 3 plugins.
Preloading 0 native plugins for Editor in 0.00 ms.
Mono: successfully reloaded assembly
- Completed reload, in  2.700 seconds
Domain Reload Profiling:
	ReloadAssembly (2702ms)
		BeginReloadAssembly (274ms)
			ExecutionOrderSort (0ms)
			DisableScriptedObjects (33ms)
			BackupInstance (0ms)
			ReleaseScriptingObjects (0ms)
			CreateAndSetChildDomain (39ms)
		EndReloadAssembly (2156ms)
			LoadAssemblies (160ms)
			RebuildTransferFunctionScriptingTraits (0ms)
			SetupTypeCache (263ms)
			ReleaseScriptCaches (1ms)
			RebuildScriptCaches (66ms)
			SetupLoadedEditorAssemblies (1474ms)
				LogAssemblyErrors (0ms)
				InitializePlatformSupportModulesInManaged (35ms)
				SetLoadedEditorAssemblies (1ms)
				RefreshPlugins (62ms)
				BeforeProcessingInitializeOnLoad (209ms)
				ProcessInitializeOnLoadAttributes (779ms)
				ProcessInitializeOnLoadMethodAttributes (387ms)
				AfterProcessingInitializeOnLoad (1ms)
				EditorAssembliesLoaded (1ms)
			ExecutionOrderSort2 (0ms)
			AwakeInstancesAfterBackupRestoration (9ms)
Platform modules already initialized, skipping
========================================================================
Worker process is ready to serve import requests
Launching external process: /Applications/Unity/Hub/Editor/2021.3.1f1/Unity.app/Contents/Tools/UnityShaderCompiler
Launched and connected shader compiler UnityShaderCompiler after 0.07 seconds
Refreshing native plugins compatible for Editor in 0.79 ms, found 3 plugins.
Preloading 0 native plugins for Editor in 0.00 ms.
Unloading 3598 Unused Serialized files (Serialized files now loaded: 0)
Unloading 30 unused Assets / (0.7 MB). Loaded Objects now: 4056.
Memory consumption went from 265.3 MB to 264.5 MB.
Total: 3.453291 ms (FindLiveObjects: 0.298375 ms CreateObjectMapping: 0.094125 ms MarkObjects: 2.741042 ms  DeleteObjects: 0.318334 ms)

AssetImportParameters requested are different than current active one (requested -> active):
  custom:video-decoder-ogg-theora: a1e56fd34408186e4bbccfd4996cb3dc -> 
  custom:container-muxer-webm: aa71ff27fc2769a1b78a27578f13a17b -> 
  custom:container-demuxer-webm: 4f35f7cbe854078d1ac9338744f61a02 -> 
  custom:video-encoder-webm-vp8: eb34c28f22e8b96e1ab97ce403110664 -> 
  custom:framework-osx-AVFoundation: e770b220cccbd017edd2c1fefb359320 -> 
  custom:audio-encoder-webm-vorbis: bf7c407c2cedff20999df2af8eb42d56 -> 
  custom:container-demuxer-ogg: 62fdf1f143b41e24485cea50d1cbac27 -> 
  custom:video-decoder-webm-vp8: 9c59270c3fd7afecdb556c50c9e8de78 -> 
  custom:audio-decoder-ogg-vorbis: bf7c407c2cedff20999df2af8eb42d56 -> 
========================================================================
Received Import Request.
  Time since last request: 5828.742867 seconds.
  path: Assets/Scenes
  artifactKey: Guid(371687c2277e83c4195f2cea9d241e9d) Importer(815301076,1909f56bfc062723c751e8b465ee728b)
Start importing Assets/Scenes using Guid(371687c2277e83c4195f2cea9d241e9d) Importer(815301076,1909f56bfc062723c751e8b465ee728b)  -> (artifact id: '7ac362090f5ce19e8dbad7eed929b756') in 0.010078 seconds 
========================================================================
Received Import Request.
  Time since last request: 17.684817 seconds.
  path: Assets/Scenes/Naya.unity
  artifactKey: Guid(9cbb5e801688349c39a764fa50236be3) Importer(815301076,1909f56bfc062723c751e8b465ee728b)
Start importing Assets/Scenes/Naya.unity using Guid(9cbb5e801688349c39a764fa50236be3) Importer(815301076,1909f56bfc062723c751e8b465ee728b)  -> (artifact id: 'ea19d617f17853758c1536269b9f456f') in 0.001632 seconds 
========================================================================
Received Import Request.
  Time since last request: 365.782304 seconds.
  path: Assets/- Quick Tips -/How to connect motors and sensors.gif
  artifactKey: Guid(08701449336d9d748aa14e28f9babe13) Importer(815301076,1909f56bfc062723c751e8b465ee728b)
Start importing Assets/- Quick Tips -/How to connect motors and sensors.gif using Guid(08701449336d9d748aa14e28f9babe13) Importer(815301076,1909f56bfc062723c751e8b465ee728b)  -> (artifact id: '268416fcda74b694548d0778c3a56ddd') in 0.892286 seconds 
========================================================================
Received Import Request.
  Time since last request: 0.000068 seconds.
  path: Assets/- Quick Tips -/What is the distance sensor.png
  artifactKey: Guid(5075a01105c64e340a57870bc484257a) Importer(815301076,1909f56bfc062723c751e8b465ee728b)
Start importing Assets/- Quick Tips -/What is the distance sensor.png using Guid(5075a01105c64e340a57870bc484257a) Importer(815301076,1909f56bfc062723c751e8b465ee728b)  -> (artifact id: '1cf8aebb61f71d2ed949131785ce9472') in 0.546747 seconds 
========================================================================
Received Import Request.
  Time since last request: 0.000046 seconds.
  path: Assets/- Quick Tips -/Where is the connection sample.png
  artifactKey: Guid(63775abd937f04ed1af89639ab945d20) Importer(815301076,1909f56bfc062723c751e8b465ee728b)
Start importing Assets/- Quick Tips -/Where is the connection sample.png using Guid(63775abd937f04ed1af89639ab945d20) Importer(815301076,1909f56bfc062723c751e8b465ee728b)  -> (artifact id: 'c68beb8270084e6fd3d406f1eb0ff8ef') in 0.010611 seconds 
========================================================================
Received Import Request.
  Time since last request: 0.000074 seconds.
  path: Assets/- Quick Tips -/What is the tacho motor.png
  artifactKey: Guid(93ca6c1421d6636488f369b236328df9) Importer(815301076,1909f56bfc062723c751e8b465ee728b)
Start importing Assets/- Quick Tips -/What is the tacho motor.png using Guid(93ca6c1421d6636488f369b236328df9) Importer(815301076,1909f56bfc062723c751e8b465ee728b)  -> (artifact id: 'b2d987c0c2fa9fc34499073f249bc1ed') in 0.013043 seconds 
========================================================================
Received Import Request.
  Time since last request: 0.000058 seconds.
  path: Assets/- Quick Tips -/What is the color sensor.png
  artifactKey: Guid(2f7290814e569c641aa4b9b821a5c741) Importer(815301076,1909f56bfc062723c751e8b465ee728b)
Start importing Assets/- Quick Tips -/What is the color sensor.png using Guid(2f7290814e569c641aa4b9b821a5c741) Importer(815301076,1909f56bfc062723c751e8b465ee728b)  -> (artifact id: '0661dcd38f5d96502a4a44e7d24b22d8') in 0.009493 seconds 
========================================================================
Received Import Request.
  Time since last request: 0.000047 seconds.
  path: Assets/- Quick Tips -/What is the force sensor.png
  artifactKey: Guid(7a0a824d11554564cab6969b8119cc3e) Importer(815301076,1909f56bfc062723c751e8b465ee728b)
Start importing Assets/- Quick Tips -/What is the force sensor.png using Guid(7a0a824d11554564cab6969b8119cc3e) Importer(815301076,1909f56bfc062723c751e8b465ee728b)  -> (artifact id: '593a2569fe4dbbcf1368f8212fab5e66') in 0.011411 seconds 
========================================================================
Received Import Request.
  Time since last request: 0.071567 seconds.
  path: Assets/UniversalRenderPipelineGlobalSettings.asset
  artifactKey: Guid(6d3ebdc17302144929ed86e764192e9e) Importer(815301076,1909f56bfc062723c751e8b465ee728b)
Start importing Assets/UniversalRenderPipelineGlobalSettings.asset using Guid(6d3ebdc17302144929ed86e764192e9e) Importer(815301076,1909f56bfc062723c751e8b465ee728b)  -> (artifact id: '58026a47892075408673a64f6fd24ec2') in 0.439142 seconds 
========================================================================
Received Import Request.
  Time since last request: 30.427751 seconds.
  path: Assets/Prefabs2
  artifactKey: Guid(04577f7d4ec1a4b53888f3217349cefd) Importer(815301076,1909f56bfc062723c751e8b465ee728b)
Start importing Assets/Prefabs2 using Guid(04577f7d4ec1a4b53888f3217349cefd) Importer(815301076,1909f56bfc062723c751e8b465ee728b)  -> (artifact id: '88ff3f958ba45d5e459e14de163e9ba8') in 0.002166 seconds 
========================================================================
Received Import Request.
  Time since last request: 12.390694 seconds.
  path: Assets/Prefabs2/side by side starfighter.prefab
  artifactKey: Guid(23da0a6b24e364a7abe333fa247bd6dc) Importer(815301076,1909f56bfc062723c751e8b465ee728b)
Start importing Assets/Prefabs2/side by side starfighter.prefab using Guid(23da0a6b24e364a7abe333fa247bd6dc) Importer(815301076,1909f56bfc062723c751e8b465ee728b)  -> (artifact id: '3da8b658b7dd1b073caa578c99d6aa03') in 3.425087 seconds 
========================================================================
Received Import Request.
  Time since last request: 194.706989 seconds.
  path: Assets/Samples/Materials/Skyboxes/Ninjago Sky.mat
  artifactKey: Guid(ade4cb9c532484b928ee81754fb9546e) Importer(815301076,1909f56bfc062723c751e8b465ee728b)
Start importing Assets/Samples/Materials/Skyboxes/Ninjago Sky.mat using Guid(ade4cb9c532484b928ee81754fb9546e) Importer(815301076,1909f56bfc062723c751e8b465ee728b)  -> (artifact id: 'b903e933e8acbbfebe4366179dd489fb') in 0.386299 seconds 
========================================================================
Received Import Request.
  Time since last request: 1.652708 seconds.
  path: Assets/Samples/Materials/Skyboxes
  artifactKey: Guid(4e7ba8c5b3700479c86502a9d354b77f) Importer(815301076,1909f56bfc062723c751e8b465ee728b)
Start importing Assets/Samples/Materials/Skyboxes using Guid(4e7ba8c5b3700479c86502a9d354b77f) Importer(815301076,1909f56bfc062723c751e8b465ee728b)  -> (artifact id: 'b1248c28b79845858bf3a3e6e0288f23') in 0.002032 seconds 
========================================================================
Received Import Request.
  Time since last request: 0.050484 seconds.
  path: Assets/Samples/Materials/Skyboxes/Candyland.mat
  artifactKey: Guid(ae01e12a8d8f545b49dcabbd54a0fc12) Importer(815301076,1909f56bfc062723c751e8b465ee728b)
Start importing Assets/Samples/Materials/Skyboxes/Candyland.mat using Guid(ae01e12a8d8f545b49dcabbd54a0fc12) Importer(815301076,1909f56bfc062723c751e8b465ee728b)  -> (artifact id: '31527725f46d9b3899feebc62641cb73') in 0.026046 seconds 
========================================================================
Received Import Request.
  Time since last request: 0.000055 seconds.
  path: Assets/Samples/Materials/Skyboxes/Underwater.mat
  artifactKey: Guid(a50caa7d154b44430bb8c153fd144fb2) Importer(815301076,1909f56bfc062723c751e8b465ee728b)
Start importing Assets/Samples/Materials/Skyboxes/Underwater.mat using Guid(a50caa7d154b44430bb8c153fd144fb2) Importer(815301076,1909f56bfc062723c751e8b465ee728b)  -> (artifact id: '7ece87ffe437a6fedbd4194b25612d74') in 0.022349 seconds 
========================================================================
Received Import Request.
  Time since last request: 0.000072 seconds.
  path: Assets/Samples/Materials/Skyboxes/Day.mat
  artifactKey: Guid(432a245c7892c4eada411288e8e32acd) Importer(815301076,1909f56bfc062723c751e8b465ee728b)
Start importing Assets/Samples/Materials/Skyboxes/Day.mat using Guid(432a245c7892c4eada411288e8e32acd) Importer(815301076,1909f56bfc062723c751e8b465ee728b)  -> (artifact id: '06b51323def69aa96e84960929e8871a') in 0.017607 seconds 
========================================================================
Received Import Request.
  Time since last request: 0.000062 seconds.
  path: Assets/Samples/Materials/Skyboxes/Cartoon.mat
  artifactKey: Guid(789ababcd264041e2b79dc266c3ee44b) Importer(815301076,1909f56bfc062723c751e8b465ee728b)
Start importing Assets/Samples/Materials/Skyboxes/Cartoon.mat using Guid(789ababcd264041e2b79dc266c3ee44b) Importer(815301076,1909f56bfc062723c751e8b465ee728b)  -> (artifact id: '2add9a37ccebd9e4d063c2b68ab0c395') in 0.024425 seconds 
========================================================================
Received Import Request.
  Time since last request: 0.000065 seconds.
  path: Assets/Samples/Materials/Skyboxes/Space.mat
  artifactKey: Guid(aa2696faca4bc48caba696af57fb2bab) Importer(815301076,1909f56bfc062723c751e8b465ee728b)
Start importing Assets/Samples/Materials/Skyboxes/Space.mat using Guid(aa2696faca4bc48caba696af57fb2bab) Importer(815301076,1909f56bfc062723c751e8b465ee728b)  -> (artifact id: 'd70fd1ae017bdcfa9b0855ade09caaa3') in 0.021940 seconds 
========================================================================
Received Import Request.
  Time since last request: 0.000057 seconds.
  path: Assets/Samples/Materials/Skyboxes/Dusk.mat
  artifactKey: Guid(3f4b04f0327db42c88f2cee1546c7c3e) Importer(815301076,1909f56bfc062723c751e8b465ee728b)
Start importing Assets/Samples/Materials/Skyboxes/Dusk.mat using Guid(3f4b04f0327db42c88f2cee1546c7c3e) Importer(815301076,1909f56bfc062723c751e8b465ee728b)  -> (artifact id: 'b29900ab2b46d617d8f5c26eefad2ea8') in 0.019177 seconds 
========================================================================
Received Import Request.
  Time since last request: 0.000062 seconds.
  path: Assets/Samples/Materials/Skyboxes/Year of the Ox.mat
  artifactKey: Guid(8003beac94b564548a0fc69a624d93e6) Importer(815301076,1909f56bfc062723c751e8b465ee728b)
Start importing Assets/Samples/Materials/Skyboxes/Year of the Ox.mat using Guid(8003beac94b564548a0fc69a624d93e6) Importer(815301076,1909f56bfc062723c751e8b465ee728b)  -> (artifact id: 'b411964265f59ebb2e4c1996834145da') in 0.020360 seconds 
========================================================================
Received Import Request.
  Time since last request: 0.000056 seconds.
  path: Assets/Samples/Materials/Skyboxes/Starry Night.mat
  artifactKey: Guid(918b2dae2d76647b4b46bbd9aa6ce9a7) Importer(815301076,1909f56bfc062723c751e8b465ee728b)
Start importing Assets/Samples/Materials/Skyboxes/Starry Night.mat using Guid(918b2dae2d76647b4b46bbd9aa6ce9a7) Importer(815301076,1909f56bfc062723c751e8b465ee728b)  -> (artifact id: '719ec48c94057a04a42df0fc5d631594') in 0.018789 seconds 
========================================================================
Received Import Request.
  Time since last request: 0.000056 seconds.
  path: Assets/Samples/Materials/Skyboxes/Night.mat
  artifactKey: Guid(5726b55dafac84c91b8004e8a269bb46) Importer(815301076,1909f56bfc062723c751e8b465ee728b)
Start importing Assets/Samples/Materials/Skyboxes/Night.mat using Guid(5726b55dafac84c91b8004e8a269bb46) Importer(815301076,1909f56bfc062723c751e8b465ee728b)  -> (artifact id: 'b7615af456c09b6d5c174f9f554a6c32') in 0.021152 seconds 
========================================================================
Received Prepare
Registering precompiled user dll's ...
Registered in 0.002719 seconds.
Begin MonoManager ReloadAssembly
Native extension for OSXStandalone target not found
Refreshing native plugins compatible for Editor in 0.74 ms, found 3 plugins.
Preloading 0 native plugins for Editor in 0.00 ms.
Mono: successfully reloaded assembly
- Completed reload, in  2.791 seconds
Domain Reload Profiling:
	ReloadAssembly (2793ms)
		BeginReloadAssembly (290ms)
			ExecutionOrderSort (0ms)
			DisableScriptedObjects (46ms)
			BackupInstance (0ms)
			ReleaseScriptingObjects (0ms)
			CreateAndSetChildDomain (64ms)
		EndReloadAssembly (2214ms)
			LoadAssemblies (153ms)
			RebuildTransferFunctionScriptingTraits (0ms)
			SetupTypeCache (269ms)
			ReleaseScriptCaches (1ms)
			RebuildScriptCaches (51ms)
			SetupLoadedEditorAssemblies (1447ms)
				LogAssemblyErrors (0ms)
				InitializePlatformSupportModulesInManaged (45ms)
				SetLoadedEditorAssemblies (2ms)
				RefreshPlugins (1ms)
				BeforeProcessingInitializeOnLoad (187ms)
				ProcessInitializeOnLoadAttributes (840ms)
				ProcessInitializeOnLoadMethodAttributes (370ms)
				AfterProcessingInitializeOnLoad (1ms)
				EditorAssembliesLoaded (1ms)
			ExecutionOrderSort2 (0ms)
			AwakeInstancesAfterBackupRestoration (48ms)
Platform modules already initialized, skipping
Refreshing native plugins compatible for Editor in 1.43 ms, found 3 plugins.
Preloading 0 native plugins for Editor in 0.00 ms.
Unloading 3477 Unused Serialized files (Serialized files now loaded: 0)
Unloading 23 unused Assets / (0.7 MB). Loaded Objects now: 4148.
Memory consumption went from 290.0 MB to 289.3 MB.
Total: 2.833958 ms (FindLiveObjects: 0.189375 ms CreateObjectMapping: 0.075959 ms MarkObjects: 2.225666 ms  DeleteObjects: 0.341875 ms)

AssetImportParameters requested are different than current active one (requested -> active):
  custom:video-decoder-ogg-theora: a1e56fd34408186e4bbccfd4996cb3dc -> 
  custom:container-muxer-webm: aa71ff27fc2769a1b78a27578f13a17b -> 
  custom:container-demuxer-webm: 4f35f7cbe854078d1ac9338744f61a02 -> 
  custom:video-encoder-webm-vp8: eb34c28f22e8b96e1ab97ce403110664 -> 
  custom:framework-osx-AVFoundation: e770b220cccbd017edd2c1fefb359320 -> 
  custom:audio-encoder-webm-vorbis: bf7c407c2cedff20999df2af8eb42d56 -> 
  custom:container-demuxer-ogg: 62fdf1f143b41e24485cea50d1cbac27 -> 
  custom:video-decoder-webm-vp8: 9c59270c3fd7afecdb556c50c9e8de78 -> 
  custom:audio-decoder-ogg-vorbis: bf7c407c2cedff20999df2af8eb42d56 -> 
========================================================================
Received Import Request.
  Time since last request: 76.570103 seconds.
  path: Assets/Audio/Alive - Bird.ogg
  artifactKey: Guid(67a058e586c8b4359af8a3aab17fcb7f) Importer(815301076,1909f56bfc062723c751e8b465ee728b)
Start importing Assets/Audio/Alive - Bird.ogg using Guid(67a058e586c8b4359af8a3aab17fcb7f) Importer(815301076,1909f56bfc062723c751e8b465ee728b)  -> (artifact id: 'a2b6281bf3fce947121c457700ce3d09') in 0.959027 seconds 
========================================================================
Received Import Request.
  Time since last request: 0.000220 seconds.
  path: Assets/Audio/Alive - Critter.ogg
  artifactKey: Guid(3adeeee0ba69847f9b2654bcf926759d) Importer(815301076,1909f56bfc062723c751e8b465ee728b)
Start importing Assets/Audio/Alive - Critter.ogg using Guid(3adeeee0ba69847f9b2654bcf926759d) Importer(815301076,1909f56bfc062723c751e8b465ee728b)  -> (artifact id: 'b58a87bd95d3e7e435c0804930663636') in 0.014167 seconds 
========================================================================
Received Import Request.
  Time since last request: 0.000073 seconds.
  path: Assets/Audio/Ambience - Space.ogg
  artifactKey: Guid(bcac6cf416573477f92be703243d6701) Importer(815301076,1909f56bfc062723c751e8b465ee728b)
Start importing Assets/Audio/Ambience - Space.ogg using Guid(bcac6cf416573477f92be703243d6701) Importer(815301076,1909f56bfc062723c751e8b465ee728b)  -> (artifact id: 'ce41384073665e7c1f45164aecd2528e') in 0.010208 seconds 
========================================================================
Received Import Request.
  Time since last request: 0.000073 seconds.
  path: Assets/Audio/Ambience - Crows.ogg
  artifactKey: Guid(ab26930f357e34c91a1523f519d74038) Importer(815301076,1909f56bfc062723c751e8b465ee728b)
Start importing Assets/Audio/Ambience - Crows.ogg using Guid(ab26930f357e34c91a1523f519d74038) Importer(815301076,1909f56bfc062723c751e8b465ee728b)  -> (artifact id: '2a31b7a1b6dfb42bf75ac2ff9de4f4d3') in 0.009238 seconds 
========================================================================
Received Import Request.
  Time since last request: 0.000059 seconds.
  path: Assets/Audio/Explode - Monster.ogg
  artifactKey: Guid(40777ca42e66a485b9c9b651a2372d0e) Importer(815301076,1909f56bfc062723c751e8b465ee728b)
Start importing Assets/Audio/Explode - Monster.ogg using Guid(40777ca42e66a485b9c9b651a2372d0e) Importer(815301076,1909f56bfc062723c751e8b465ee728b)  -> (artifact id: '62201ea409c588d420d36a364b46ce74') in 0.008938 seconds 
========================================================================
Received Import Request.
  Time since last request: 0.000079 seconds.
  path: Assets/Audio/Ambience - Crickets.ogg
  artifactKey: Guid(e3594e21c9c7e40a7858d3eaf74f257a) Importer(815301076,1909f56bfc062723c751e8b465ee728b)
Start importing Assets/Audio/Ambience - Crickets.ogg using Guid(e3594e21c9c7e40a7858d3eaf74f257a) Importer(815301076,1909f56bfc062723c751e8b465ee728b)  -> (artifact id: 'bc4442a28e85a4df9be403872bd5cfc9') in 0.009612 seconds 
========================================================================
Received Import Request.
  Time since last request: 0.000055 seconds.
  path: Assets/Audio/Ambience - Deep Space.ogg
  artifactKey: Guid(9cfbda1f8af67437caf67af250bbb9b8) Importer(815301076,1909f56bfc062723c751e8b465ee728b)
Start importing Assets/Audio/Ambience - Deep Space.ogg using Guid(9cfbda1f8af67437caf67af250bbb9b8) Importer(815301076,1909f56bfc062723c751e8b465ee728b)  -> (artifact id: '0a66254cc216550e65f9cf681b0d1a6d') in 0.008669 seconds 
========================================================================
Received Import Request.
  Time since last request: 0.000050 seconds.
  path: Assets/Audio/Alive - Frog.ogg
  artifactKey: Guid(2c08f51b7c6fd453a9360e08042057d2) Importer(815301076,1909f56bfc062723c751e8b465ee728b)
Start importing Assets/Audio/Alive - Frog.ogg using Guid(2c08f51b7c6fd453a9360e08042057d2) Importer(815301076,1909f56bfc062723c751e8b465ee728b)  -> (artifact id: 'e1c8e52e48883d49480208ba6632d066') in 0.009375 seconds 
========================================================================
Received Import Request.
  Time since last request: 0.000060 seconds.
  path: Assets/Audio/Explode - Large.ogg
  artifactKey: Guid(84c38721510e147d3b24da53f1bf0fd2) Importer(815301076,1909f56bfc062723c751e8b465ee728b)
Start importing Assets/Audio/Explode - Large.ogg using Guid(84c38721510e147d3b24da53f1bf0fd2) Importer(815301076,1909f56bfc062723c751e8b465ee728b)  -> (artifact id: '88da989df5670f313a26a49e2b8eb241') in 0.008530 seconds 
========================================================================
Received Import Request.
  Time since last request: 0.000062 seconds.
  path: Assets/Audio/Alive - Carrot Crunch.wav
  artifactKey: Guid(7598606ff838e4a68a2e20189b5c2ba7) Importer(815301076,1909f56bfc062723c751e8b465ee728b)
Start importing Assets/Audio/Alive - Carrot Crunch.wav using Guid(7598606ff838e4a68a2e20189b5c2ba7) Importer(815301076,1909f56bfc062723c751e8b465ee728b)  -> (artifact id: 'f8ed16fb8d44e3cbcb02ca923d6c679a') in 0.068709 seconds 
========================================================================
Received Import Request.
  Time since last request: 0.000086 seconds.
  path: Assets/Audio/Lose - Comic.ogg
  artifactKey: Guid(8b2ae840b9bf64d9185a923531f727be) Importer(815301076,1909f56bfc062723c751e8b465ee728b)
Start importing Assets/Audio/Lose - Comic.ogg using Guid(8b2ae840b9bf64d9185a923531f727be) Importer(815301076,1909f56bfc062723c751e8b465ee728b)  -> (artifact id: '572b5c523b1034c76bab8ebf5e3cac2e') in 0.015886 seconds 
========================================================================
Received Import Request.
  Time since last request: 0.000073 seconds.
  path: Assets/Audio/Ambience - Fireplace.ogg
  artifactKey: Guid(b7b982b4349e54b9a875caec95e0360f) Importer(815301076,1909f56bfc062723c751e8b465ee728b)
Start importing Assets/Audio/Ambience - Fireplace.ogg using Guid(b7b982b4349e54b9a875caec95e0360f) Importer(815301076,1909f56bfc062723c751e8b465ee728b)  -> (artifact id: 'fcdd0745a77873c28d70933a2cfe805f') in 0.008292 seconds 
========================================================================
Received Import Request.
  Time since last request: 0.000053 seconds.
  path: Assets/Audio/Hazard - Poison.ogg
  artifactKey: Guid(d030d6cf87fd74786ac6dbf6f3561457) Importer(815301076,1909f56bfc062723c751e8b465ee728b)
Start importing Assets/Audio/Hazard - Poison.ogg using Guid(d030d6cf87fd74786ac6dbf6f3561457) Importer(815301076,1909f56bfc062723c751e8b465ee728b)  -> (artifact id: 'a693226caffba49b205fddcf1b6998ef') in 0.008595 seconds 
========================================================================
Received Import Request.
  Time since last request: 0.000049 seconds.
  path: Assets/Audio/Alive - Roberta.ogg
  artifactKey: Guid(c2de71fa39c5d4ae4bde6c6707dcdb88) Importer(815301076,1909f56bfc062723c751e8b465ee728b)
Start importing Assets/Audio/Alive - Roberta.ogg using Guid(c2de71fa39c5d4ae4bde6c6707dcdb88) Importer(815301076,1909f56bfc062723c751e8b465ee728b)  -> (artifact id: '22eb31dbba5db66b11d9d726e7660543') in 0.011497 seconds 
========================================================================
Received Import Request.
  Time since last request: 0.000064 seconds.
  path: Assets/Audio/Ambience - Forest.ogg
  artifactKey: Guid(eefbdabadd672418a942dcb0369c56ed) Importer(815301076,1909f56bfc062723c751e8b465ee728b)
Start importing Assets/Audio/Ambience - Forest.ogg using Guid(eefbdabadd672418a942dcb0369c56ed) Importer(815301076,1909f56bfc062723c751e8b465ee728b)  -> (artifact id: 'dfff948e917880376b5caa52f150798f') in 0.008822 seconds 
========================================================================
Received Import Request.
  Time since last request: 0.142722 seconds.
  path: Assets/Audio/Lose - Horn.ogg
  artifactKey: Guid(d0263e2eaf9b54264bce0e99162321ae) Importer(815301076,1909f56bfc062723c751e8b465ee728b)
Start importing Assets/Audio/Lose - Horn.ogg using Guid(d0263e2eaf9b54264bce0e99162321ae) Importer(815301076,1909f56bfc062723c751e8b465ee728b)  -> (artifact id: '5be2e3508da55e64791de30f4d05f6dd') in 0.009332 seconds 
========================================================================
Received Import Request.
  Time since last request: 0.032658 seconds.
  path: Assets/Audio/Lose - On the Naughty List.ogg
  artifactKey: Guid(c90c8e6423b9e4b7a8f6566ee481eb7e) Importer(815301076,1909f56bfc062723c751e8b465ee728b)
Start importing Assets/Audio/Lose - On the Naughty List.ogg using Guid(c90c8e6423b9e4b7a8f6566ee481eb7e) Importer(815301076,1909f56bfc062723c751e8b465ee728b)  -> (artifact id: '89ebbb7f5f96df81a8a225bef8fa4da8') in 0.009453 seconds 
========================================================================
Received Import Request.
  Time since last request: 0.041281 seconds.
  path: Assets/Audio/Lose - Twisted Bunny Giggle.wav
  artifactKey: Guid(a754818a239384b95968412f5a616de6) Importer(815301076,1909f56bfc062723c751e8b465ee728b)
Start importing Assets/Audio/Lose - Twisted Bunny Giggle.wav using Guid(a754818a239384b95968412f5a616de6) Importer(815301076,1909f56bfc062723c751e8b465ee728b)  -> (artifact id: '7fa769ffde23a4847c4dba7a549791db') in 0.011963 seconds 
========================================================================
Received Import Request.
  Time since last request: 0.000062 seconds.
  path: Assets/Audio/Music - Ghouls' Night Out.ogg
  artifactKey: Guid(bd6e9687d232e4da69a5ffccb19c0b30) Importer(815301076,1909f56bfc062723c751e8b465ee728b)
Start importing Assets/Audio/Music - Ghouls' Night Out.ogg using Guid(bd6e9687d232e4da69a5ffccb19c0b30) Importer(815301076,1909f56bfc062723c751e8b465ee728b)  -> (artifact id: '537b6f29935288868d5719cd3f7217b6') in 0.007962 seconds 
========================================================================
Received Import Request.
  Time since last request: 0.000058 seconds.
  path: Assets/Audio/Music - Fluffys Carrot Farm.wav
  artifactKey: Guid(55ec26105c75d4e2f9b8efe1c78a1ff1) Importer(815301076,1909f56bfc062723c751e8b465ee728b)
Start importing Assets/Audio/Music - Fluffys Carrot Farm.wav using Guid(55ec26105c75d4e2f9b8efe1c78a1ff1) Importer(815301076,1909f56bfc062723c751e8b465ee728b)  -> (artifact id: 'feb73ac7d758e6d74a083a1766ca6111') in 0.008143 seconds 
========================================================================
Received Import Request.
  Time since last request: 0.000052 seconds.
  path: Assets/Audio/Music - Gingerbricks Revenge.ogg
  artifactKey: Guid(8efc93eb3ab45492990afe3d6814d9cb) Importer(815301076,1909f56bfc062723c751e8b465ee728b)
Start importing Assets/Audio/Music - Gingerbricks Revenge.ogg using Guid(8efc93eb3ab45492990afe3d6814d9cb) Importer(815301076,1909f56bfc062723c751e8b465ee728b)  -> (artifact id: 'ed8a68496a41435b4b81854afff4974a') in 0.007891 seconds 
========================================================================
Received Import Request.
  Time since last request: 0.000056 seconds.
  path: Assets/Audio/Music - Hoedown.ogg
  artifactKey: Guid(c2e34c1178bcc46c0a03b85eeb714871) Importer(815301076,1909f56bfc062723c751e8b465ee728b)
Start importing Assets/Audio/Music - Hoedown.ogg using Guid(c2e34c1178bcc46c0a03b85eeb714871) Importer(815301076,1909f56bfc062723c751e8b465ee728b)  -> (artifact id: 'e66372a91c1f416e78dcb93a986933ad') in 0.012251 seconds 
========================================================================
Received Import Request.
  Time since last request: 0.000056 seconds.
  path: Assets/Audio/Music - Floating in a Brick Bin.ogg
  artifactKey: Guid(b7d0a2e4334dc4768afdd394d409f518) Importer(815301076,1909f56bfc062723c751e8b465ee728b)
Start importing Assets/Audio/Music - Floating in a Brick Bin.ogg using Guid(b7d0a2e4334dc4768afdd394d409f518) Importer(815301076,1909f56bfc062723c751e8b465ee728b)  -> (artifact id: 'd4444066cb4be627862829602ad97e45') in 0.009455 seconds 
========================================================================
Received Import Request.
  Time since last request: 0.000066 seconds.
  path: Assets/Audio/Music - Just Chillin'.ogg
  artifactKey: Guid(087f052f6bb41463fbce44b6ce43f038) Importer(815301076,1909f56bfc062723c751e8b465ee728b)
Start importing Assets/Audio/Music - Just Chillin'.ogg using Guid(087f052f6bb41463fbce44b6ce43f038) Importer(815301076,1909f56bfc062723c751e8b465ee728b)  -> (artifact id: '4562706b0bfe9479f103ef57aa6c424f') in 0.010457 seconds 
========================================================================
Received Import Request.
  Time since last request: 0.000063 seconds.
  path: Assets/Audio/Platform - Clang.ogg
  artifactKey: Guid(6b97d1372d2bd4684b4280b735b3c440) Importer(815301076,1909f56bfc062723c751e8b465ee728b)
Start importing Assets/Audio/Platform - Clang.ogg using Guid(6b97d1372d2bd4684b4280b735b3c440) Importer(815301076,1909f56bfc062723c751e8b465ee728b)  -> (artifact id: '8da2a72ac0cb2b79047b3c5e8b758c1f') in 0.009178 seconds 
========================================================================
Received Import Request.
  Time since last request: 0.000070 seconds.
  path: Assets/Audio/Platform - Rock Long.ogg
  artifactKey: Guid(1303c0ac32ae94d36beb96a7908e20c9) Importer(815301076,1909f56bfc062723c751e8b465ee728b)
Start importing Assets/Audio/Platform - Rock Long.ogg using Guid(1303c0ac32ae94d36beb96a7908e20c9) Importer(815301076,1909f56bfc062723c751e8b465ee728b)  -> (artifact id: 'e7928d1c00274637dee87df95311ef27') in 0.008955 seconds 
========================================================================
Received Import Request.
  Time since last request: 0.000057 seconds.
  path: Assets/Audio/Shoot - Arrow.ogg
  artifactKey: Guid(55e82881d5fa6435aa4db31ea2fdcc8c) Importer(815301076,1909f56bfc062723c751e8b465ee728b)
Start importing Assets/Audio/Shoot - Arrow.ogg using Guid(55e82881d5fa6435aa4db31ea2fdcc8c) Importer(815301076,1909f56bfc062723c751e8b465ee728b)  -> (artifact id: '1c11db5a0738e902f03f2c27b69ebd54') in 0.008104 seconds 
========================================================================
Received Import Request.
  Time since last request: 0.000056 seconds.
  path: Assets/Audio/Shoot - Blaster.ogg
  artifactKey: Guid(db189b6d7f26d41f991a8ef7d8faf096) Importer(815301076,1909f56bfc062723c751e8b465ee728b)
Start importing Assets/Audio/Shoot - Blaster.ogg using Guid(db189b6d7f26d41f991a8ef7d8faf096) Importer(815301076,1909f56bfc062723c751e8b465ee728b)  -> (artifact id: 'fc78a8548640da335285080cd187ac7b') in 0.008334 seconds 
========================================================================
Received Import Request.
  Time since last request: 0.000077 seconds.
  path: Assets/Audio/Win - The Eagle has Landed.ogg
  artifactKey: Guid(d38673c26a2804a6abf8e00e8979b6d3) Importer(815301076,1909f56bfc062723c751e8b465ee728b)
Start importing Assets/Audio/Win - The Eagle has Landed.ogg using Guid(d38673c26a2804a6abf8e00e8979b6d3) Importer(815301076,1909f56bfc062723c751e8b465ee728b)  -> (artifact id: 'e2a64b9263f965022c1c9d53b76f1293') in 0.009978 seconds 
========================================================================
Received Import Request.
  Time since last request: 0.000062 seconds.
  path: Assets/Audio/Shoot - Thwack.ogg
  artifactKey: Guid(b66edff7dc0ae4250af9bfab8531f4ce) Importer(815301076,1909f56bfc062723c751e8b465ee728b)
Start importing Assets/Audio/Shoot - Thwack.ogg using Guid(b66edff7dc0ae4250af9bfab8531f4ce) Importer(815301076,1909f56bfc062723c751e8b465ee728b)  -> (artifact id: '1408413a384b353ad9526dc0e5845a54') in 0.008801 seconds 
========================================================================
Received Import Request.
  Time since last request: 0.000087 seconds.
  path: Assets/Audio/Win - Sir Winsalot.ogg
  artifactKey: Guid(178f7389512414d509a8dbaa8b06f3a3) Importer(815301076,1909f56bfc062723c751e8b465ee728b)
Start importing Assets/Audio/Win - Sir Winsalot.ogg using Guid(178f7389512414d509a8dbaa8b06f3a3) Importer(815301076,1909f56bfc062723c751e8b465ee728b)  -> (artifact id: '086dc07fb7016706369ef2e836e2ef77') in 0.008615 seconds 
========================================================================
Received Import Request.
  Time since last request: 0.000049 seconds.
  path: Assets/Audio/Win - Groovy.ogg
  artifactKey: Guid(b839b59a5250a41c1a85e003b782e295) Importer(815301076,1909f56bfc062723c751e8b465ee728b)
Start importing Assets/Audio/Win - Groovy.ogg using Guid(b839b59a5250a41c1a85e003b782e295) Importer(815301076,1909f56bfc062723c751e8b465ee728b)  -> (artifact id: 'cede87fec043b0c2b79b73f5e7101274') in 0.007887 seconds 
========================================================================
Received Import Request.
  Time since last request: 0.000056 seconds.
  path: Assets/Audio/Win - On the Nice List.ogg
  artifactKey: Guid(55c297f13b177455fbb3b583fa488d3d) Importer(815301076,1909f56bfc062723c751e8b465ee728b)
Start importing Assets/Audio/Win - On the Nice List.ogg using Guid(55c297f13b177455fbb3b583fa488d3d) Importer(815301076,1909f56bfc062723c751e8b465ee728b)  -> (artifact id: '1a0ec60a502d1a3abf346cbbe5347b4c') in 0.008510 seconds 
========================================================================
Received Import Request.
  Time since last request: 0.000056 seconds.
  path: Assets/Audio/Shoot - Cannonball.ogg
  artifactKey: Guid(f1d1b13e782a5499fa30f0216009cc75) Importer(815301076,1909f56bfc062723c751e8b465ee728b)
Start importing Assets/Audio/Shoot - Cannonball.ogg using Guid(f1d1b13e782a5499fa30f0216009cc75) Importer(815301076,1909f56bfc062723c751e8b465ee728b)  -> (artifact id: 'e9c882541887cab4fe612173c6d92914') in 0.010094 seconds 
========================================================================
Received Import Request.
  Time since last request: 0.000059 seconds.
  path: Assets/Audio/Music - Cannon Cove.ogg
  artifactKey: Guid(ff6a58c1715c348a09587d616408ce8b) Importer(815301076,1909f56bfc062723c751e8b465ee728b)
Start importing Assets/Audio/Music - Cannon Cove.ogg using Guid(ff6a58c1715c348a09587d616408ce8b) Importer(815301076,1909f56bfc062723c751e8b465ee728b)  -> (artifact id: '7b8e767a67ee425bd77b70cd05f01e7f') in 0.009920 seconds 
========================================================================
Received Import Request.
  Time since last request: 0.000054 seconds.
  path: Assets/Audio/Win - Wahahaa.ogg
  artifactKey: Guid(9c13d4f98d19f4a628b8695496301280) Importer(815301076,1909f56bfc062723c751e8b465ee728b)
Start importing Assets/Audio/Win - Wahahaa.ogg using Guid(9c13d4f98d19f4a628b8695496301280) Importer(815301076,1909f56bfc062723c751e8b465ee728b)  -> (artifact id: 'b07442b2b8f9049d19a93ef405f75524') in 0.008593 seconds 
========================================================================
Received Import Request.
  Time since last request: 0.000069 seconds.
  path: Assets/Audio/Music - Knights of the Round Brick.ogg
  artifactKey: Guid(a5636bc2047d24b78983adb4df18cf53) Importer(815301076,1909f56bfc062723c751e8b465ee728b)
Start importing Assets/Audio/Music - Knights of the Round Brick.ogg using Guid(a5636bc2047d24b78983adb4df18cf53) Importer(815301076,1909f56bfc062723c751e8b465ee728b)  -> (artifact id: '56acbd1e8f501fc869bab86aacc270a9') in 0.014524 seconds 
========================================================================
Received Import Request.
  Time since last request: 0.000044 seconds.
  path: Assets/Audio/Pickup - Pop.ogg
  artifactKey: Guid(5b8d1eeaebd9f4ebd8933499d4e154e1) Importer(815301076,1909f56bfc062723c751e8b465ee728b)
Start importing Assets/Audio/Pickup - Pop.ogg using Guid(5b8d1eeaebd9f4ebd8933499d4e154e1) Importer(815301076,1909f56bfc062723c751e8b465ee728b)  -> (artifact id: '60c628c3f66d64ce089e82a6124f7258') in 0.011256 seconds 
========================================================================
Received Import Request.
  Time since last request: 0.000059 seconds.
  path: Assets/Audio/Pickup - Crystal.ogg
  artifactKey: Guid(dd83c416a51b648a1b6fc0f15a96597b) Importer(815301076,1909f56bfc062723c751e8b465ee728b)
Start importing Assets/Audio/Pickup - Crystal.ogg using Guid(dd83c416a51b648a1b6fc0f15a96597b) Importer(815301076,1909f56bfc062723c751e8b465ee728b)  -> (artifact id: '4a9d639ff433b74cbe93a9ca00031b99') in 0.010249 seconds 
========================================================================
Received Import Request.
  Time since last request: 0.000054 seconds.
  path: Assets/Audio/Platform - Wood.ogg
  artifactKey: Guid(cb17d7dd05238484fa99674dad20e5c1) Importer(815301076,1909f56bfc062723c751e8b465ee728b)
Start importing Assets/Audio/Platform - Wood.ogg using Guid(cb17d7dd05238484fa99674dad20e5c1) Importer(815301076,1909f56bfc062723c751e8b465ee728b)  -> (artifact id: 'be65aac618240af9db65b72516ceb892') in 0.010145 seconds 
========================================================================
Received Import Request.
  Time since last request: 0.000071 seconds.
  path: Assets/Audio/Pickup - Magic.ogg
  artifactKey: Guid(95f29a4a0e2e24fc0a3bb794725e0e7d) Importer(815301076,1909f56bfc062723c751e8b465ee728b)
Start importing Assets/Audio/Pickup - Magic.ogg using Guid(95f29a4a0e2e24fc0a3bb794725e0e7d) Importer(815301076,1909f56bfc062723c751e8b465ee728b)  -> (artifact id: '39ecc2485ac3ef7d6040b3edb73bdcda') in 0.009021 seconds 
========================================================================
Received Import Request.
  Time since last request: 0.000041 seconds.
  path: Assets/Audio/Win - And The Crowd Goes Nuts.ogg
  artifactKey: Guid(766bb4141c05a4ac09f7570c4c1468f5) Importer(815301076,1909f56bfc062723c751e8b465ee728b)
Start importing Assets/Audio/Win - And The Crowd Goes Nuts.ogg using Guid(766bb4141c05a4ac09f7570c4c1468f5) Importer(815301076,1909f56bfc062723c751e8b465ee728b)  -> (artifact id: '84299dfacefdd1ef3be0cb3156427278') in 0.009553 seconds 
========================================================================
Received Import Request.
  Time since last request: 0.000057 seconds.
  path: Assets/Audio/Win - Success.ogg
  artifactKey: Guid(8281f29cf3514495e9e0191f2367365d) Importer(815301076,1909f56bfc062723c751e8b465ee728b)
Start importing Assets/Audio/Win - Success.ogg using Guid(8281f29cf3514495e9e0191f2367365d) Importer(815301076,1909f56bfc062723c751e8b465ee728b)  -> (artifact id: 'b25225aa46d2cb84e8d1b222edf41d82') in 0.007996 seconds 
========================================================================
Received Import Request.
  Time since last request: 0.000057 seconds.
  path: Assets/Audio/Shoot - Chicken.ogg
  artifactKey: Guid(60642d90ca11747caa422af8162c6fba) Importer(815301076,1909f56bfc062723c751e8b465ee728b)
Start importing Assets/Audio/Shoot - Chicken.ogg using Guid(60642d90ca11747caa422af8162c6fba) Importer(815301076,1909f56bfc062723c751e8b465ee728b)  -> (artifact id: '0d0828be593875d117b66a70450b4c12') in 0.020041 seconds 
========================================================================
Received Import Request.
  Time since last request: 57.711546 seconds.
  path: Assets/Skyboxes
  artifactKey: Guid(d408f554aa2cb4ec780c582696ec749b) Importer(815301076,1909f56bfc062723c751e8b465ee728b)
Start importing Assets/Skyboxes using Guid(d408f554aa2cb4ec780c582696ec749b) Importer(815301076,1909f56bfc062723c751e8b465ee728b)  -> (artifact id: '831ffbb076fb7ca2db7d2921a5889f59') in 0.001340 seconds 
========================================================================
Received Import Request.
  Time since last request: 898.687574 seconds.
  path: Assets/Samples
  artifactKey: Guid(178ed9537fc0640c9ad615d01b4ddfc6) Importer(815301076,1909f56bfc062723c751e8b465ee728b)
Start importing Assets/Samples using Guid(178ed9537fc0640c9ad615d01b4ddfc6) Importer(815301076,1909f56bfc062723c751e8b465ee728b)  -> (artifact id: 'bba832cf35ea18bb0b7bb85a88340ed2') in 0.002831 seconds 
========================================================================
Received Import Request.
  Time since last request: 3.031173 seconds.
  path: Assets/Textures/Skyboxes/Dusk Down.png
  artifactKey: Guid(366465f38c6e640d8828f40b65789381) Importer(815301076,1909f56bfc062723c751e8b465ee728b)
Start importing Assets/Textures/Skyboxes/Dusk Down.png using Guid(366465f38c6e640d8828f40b65789381) Importer(815301076,1909f56bfc062723c751e8b465ee728b)  -> (artifact id: '12de37d42f57b3542c6084793c36551a') in 0.049603 seconds 
========================================================================
Received Import Request.
  Time since last request: 0.000047 seconds.
  path: Assets/Textures/Stickers/Skeleton Guy Face Win.png
  artifactKey: Guid(5b758baeb21e34ccfa807ce0c6d28f13) Importer(815301076,1909f56bfc062723c751e8b465ee728b)
Start importing Assets/Textures/Stickers/Skeleton Guy Face Win.png using Guid(5b758baeb21e34ccfa807ce0c6d28f13) Importer(815301076,1909f56bfc062723c751e8b465ee728b)  -> (artifact id: '114d898dff80c3a420a112aa5e4c6366') in 0.063042 seconds 
========================================================================
Received Import Request.
  Time since last request: 0.000051 seconds.
  path: Assets/Textures/Stickers/Skeleton Guy Face Lose.png
  artifactKey: Guid(ffdc14d11a69c41619205f6ebcb31833) Importer(815301076,1909f56bfc062723c751e8b465ee728b)
Start importing Assets/Textures/Stickers/Skeleton Guy Face Lose.png using Guid(ffdc14d11a69c41619205f6ebcb31833) Importer(815301076,1909f56bfc062723c751e8b465ee728b)  -> (artifact id: '94162829949660d58f5e6cd643d5d3da') in 0.021623 seconds 
========================================================================
Received Import Request.
  Time since last request: 0.000076 seconds.
  path: Assets/Textures/Stickers/Order of the Skull.png
  artifactKey: Guid(e19d57ae75aa747ecb3b4a9a7b66cf82) Importer(815301076,1909f56bfc062723c751e8b465ee728b)
Start importing Assets/Textures/Stickers/Order of the Skull.png using Guid(e19d57ae75aa747ecb3b4a9a7b66cf82) Importer(815301076,1909f56bfc062723c751e8b465ee728b)  -> (artifact id: 'bcfb03a86988430269ee44f17a6b6930') in 0.028061 seconds 
========================================================================
Received Import Request.
  Time since last request: 511.156305 seconds.
  path: Assets/SkySeries Freebie/6sidedCosmicCoolCloud.mat
  artifactKey: Guid(f531e09e2ad2fb440b4eed7605863143) Importer(815301076,1909f56bfc062723c751e8b465ee728b)
Start importing Assets/SkySeries Freebie/6sidedCosmicCoolCloud.mat using Guid(f531e09e2ad2fb440b4eed7605863143) Importer(815301076,1909f56bfc062723c751e8b465ee728b)  -> (artifact id: 'ca306c53a12168ad14d884d00606e692') in 0.696113 seconds 
========================================================================
Received Import Request.
  Time since last request: 0.000125 seconds.
  path: Assets/SkySeries Freebie/6SidedMegaSun.mat
  artifactKey: Guid(c52c5d7968fa6c9499b0b5752f899bfb) Importer(815301076,1909f56bfc062723c751e8b465ee728b)
Start importing Assets/SkySeries Freebie/6SidedMegaSun.mat using Guid(c52c5d7968fa6c9499b0b5752f899bfb) Importer(815301076,1909f56bfc062723c751e8b465ee728b)  -> (artifact id: 'c957c37b00c5f446040dcd52c8046141') in 0.045120 seconds 
========================================================================
Received Import Request.
  Time since last request: 0.000069 seconds.
  path: Assets/SkySeries Freebie/DayInTheClouds.mat
  artifactKey: Guid(3e5399bd195de7649b874f58c1b9f8a3) Importer(815301076,1909f56bfc062723c751e8b465ee728b)
Start importing Assets/SkySeries Freebie/DayInTheClouds.mat using Guid(3e5399bd195de7649b874f58c1b9f8a3) Importer(815301076,1909f56bfc062723c751e8b465ee728b)  -> (artifact id: 'f186bb81cb712e0ad9fe1338a0b9f125') in 0.085310 seconds 
========================================================================
Received Import Request.
  Time since last request: 0.000066 seconds.
  path: Assets/SkySeries Freebie/CoriolisNight4k.mat
  artifactKey: Guid(d4454f71d85928744be7771e2143dab7) Importer(815301076,1909f56bfc062723c751e8b465ee728b)
Start importing Assets/SkySeries Freebie/CoriolisNight4k.mat using Guid(d4454f71d85928744be7771e2143dab7) Importer(815301076,1909f56bfc062723c751e8b465ee728b)  -> (artifact id: '0537717f428d7e9735e5da33d5a16fe9') in 0.041779 seconds 
========================================================================
Received Import Request.
  Time since last request: 0.000073 seconds.
  path: Assets/SkySeries Freebie/PlanetaryEarth.mat
  artifactKey: Guid(16bc8a9d5451ca44d8f70575adbece3a) Importer(815301076,1909f56bfc062723c751e8b465ee728b)
Start importing Assets/SkySeries Freebie/PlanetaryEarth.mat using Guid(16bc8a9d5451ca44d8f70575adbece3a) Importer(815301076,1909f56bfc062723c751e8b465ee728b)  -> (artifact id: 'a567fcacbc1d286e256da93a08823508') in 0.036025 seconds 
========================================================================
Received Import Request.
  Time since last request: 0.000099 seconds.
  path: Assets/SkySeries Freebie/CosmicCoolCloud_Eq.mat
  artifactKey: Guid(369b9ebe3a62b904dbc19bd332b44086) Importer(815301076,1909f56bfc062723c751e8b465ee728b)
Start importing Assets/SkySeries Freebie/CosmicCoolCloud_Eq.mat using Guid(369b9ebe3a62b904dbc19bd332b44086) Importer(815301076,1909f56bfc062723c751e8b465ee728b)  -> (artifact id: 'd5cb97df9d063adb268200f559d15ba6') in 0.034985 seconds 
========================================================================
Received Import Request.
  Time since last request: 0.000094 seconds.
  path: Assets/SkySeries Freebie/CloudedSunGlow.mat
  artifactKey: Guid(e391f00234292cc4f935308c11cf0e54) Importer(815301076,1909f56bfc062723c751e8b465ee728b)
Start importing Assets/SkySeries Freebie/CloudedSunGlow.mat using Guid(e391f00234292cc4f935308c11cf0e54) Importer(815301076,1909f56bfc062723c751e8b465ee728b)  -> (artifact id: 'a162a6c9836627f4488011ab2f14d675') in 0.051262 seconds 
========================================================================
Received Import Request.
  Time since last request: 0.000074 seconds.
  path: Assets/SkySeries Freebie/CasualDay.mat
  artifactKey: Guid(85cf0b004bc4a654b9e501efcce47902) Importer(815301076,1909f56bfc062723c751e8b465ee728b)
Start importing Assets/SkySeries Freebie/CasualDay.mat using Guid(85cf0b004bc4a654b9e501efcce47902) Importer(815301076,1909f56bfc062723c751e8b465ee728b)  -> (artifact id: '8537aca0acd9c3ea1f86100d91f8dcd5') in 0.070152 seconds 
========================================================================
Received Import Request.
  Time since last request: 0.000086 seconds.
  path: Assets/SkySeries Freebie/UnderTheSea4k.mat
  artifactKey: Guid(119ec07f1c7ed204db46bd8465fd5a50) Importer(815301076,1909f56bfc062723c751e8b465ee728b)
Start importing Assets/SkySeries Freebie/UnderTheSea4k.mat using Guid(119ec07f1c7ed204db46bd8465fd5a50) Importer(815301076,1909f56bfc062723c751e8b465ee728b)  -> (artifact id: '8aefad493f611f09dae78491ca5de369') in 0.041232 seconds 
========================================================================
Received Import Request.
  Time since last request: 0.000065 seconds.
  path: Assets/SkySeries Freebie/SunlessCirruscover.mat
  artifactKey: Guid(4e154bf235e41704bbd6bbc6fd6c63f6) Importer(815301076,1909f56bfc062723c751e8b465ee728b)
Start importing Assets/SkySeries Freebie/SunlessCirruscover.mat using Guid(4e154bf235e41704bbd6bbc6fd6c63f6) Importer(815301076,1909f56bfc062723c751e8b465ee728b)  -> (artifact id: '7d08e7b9679117481f78dc3c58bcd55b') in 0.034157 seconds 
========================================================================
Received Import Request.
  Time since last request: 192.444882 seconds.
  path: Assets/SkySeries Freebie/FreebieHdri/CosmicCoolCloudFront.hdr
  artifactKey: Guid(d822c5eff7d42f04691027bc8c2b0716) Importer(815301076,1909f56bfc062723c751e8b465ee728b)
Start importing Assets/SkySeries Freebie/FreebieHdri/CosmicCoolCloudFront.hdr using Guid(d822c5eff7d42f04691027bc8c2b0716) Importer(815301076,1909f56bfc062723c751e8b465ee728b)  -> (artifact id: '2bb8f15677fad260391afa987ce2507a') in 0.851512 seconds 
========================================================================
Received Import Request.
  Time since last request: 0.000055 seconds.
  path: Assets/SkySeries Freebie/FreebieHdri/CosmicCoolCloudTop.hdr
  artifactKey: Guid(a199da0432efa6a489df8883d1f3bfe0) Importer(815301076,1909f56bfc062723c751e8b465ee728b)
Start importing Assets/SkySeries Freebie/FreebieHdri/CosmicCoolCloudTop.hdr using Guid(a199da0432efa6a489df8883d1f3bfe0) Importer(815301076,1909f56bfc062723c751e8b465ee728b)  -> (artifact id: 'b14841d660a5f52c29f90d84cb677d9e') in 0.011465 seconds 
========================================================================
Received Import Request.
  Time since last request: 0.000058 seconds.
  path: Assets/SkySeries Freebie/FreebieHdri/CosmicCoolCloudLeft.hdr
  artifactKey: Guid(740f96d568f4f3e40b049c40f11603e5) Importer(815301076,1909f56bfc062723c751e8b465ee728b)
Start importing Assets/SkySeries Freebie/FreebieHdri/CosmicCoolCloudLeft.hdr using Guid(740f96d568f4f3e40b049c40f11603e5) Importer(815301076,1909f56bfc062723c751e8b465ee728b)  -> (artifact id: '27841075afcdf442e24a4c2372b0000d') in 0.010926 seconds 
========================================================================
Received Import Request.
  Time since last request: 1.213810 seconds.
  path: Assets/SkySeries Freebie/FreebieHdri/FluffballDayFront.hdr
  artifactKey: Guid(4499836ec803a0443834895abc208fba) Importer(815301076,1909f56bfc062723c751e8b465ee728b)
Start importing Assets/SkySeries Freebie/FreebieHdri/FluffballDayFront.hdr using Guid(4499836ec803a0443834895abc208fba) Importer(815301076,1909f56bfc062723c751e8b465ee728b)  -> (artifact id: 'fcbc65f6fc1744ee70ec88d4d78c61ba') in 0.015796 seconds 
========================================================================
Received Import Request.
  Time since last request: 0.000078 seconds.
  path: Assets/SkySeries Freebie/FreebieHdri/FluffballDayLeft.hdr
  artifactKey: Guid(a78d8299279fda54098aca1c72ecfae1) Importer(815301076,1909f56bfc062723c751e8b465ee728b)
Start importing Assets/SkySeries Freebie/FreebieHdri/FluffballDayLeft.hdr using Guid(a78d8299279fda54098aca1c72ecfae1) Importer(815301076,1909f56bfc062723c751e8b465ee728b)  -> (artifact id: '70ace89fba85b1b4417377f1607860e4') in 0.038187 seconds 
========================================================================
Received Import Request.
  Time since last request: 0.000095 seconds.
  path: Assets/SkySeries Freebie/FreebieHdri/FluffballDayBottom.hdr
  artifactKey: Guid(42e0664ae4c5c424ebcd980a10687e18) Importer(815301076,1909f56bfc062723c751e8b465ee728b)
Start importing Assets/SkySeries Freebie/FreebieHdri/FluffballDayBottom.hdr using Guid(42e0664ae4c5c424ebcd980a10687e18) Importer(815301076,1909f56bfc062723c751e8b465ee728b)  -> (artifact id: 'd4d5e75b8e634a5c68a39ae4bbf5b087') in 0.021718 seconds 
========================================================================
Received Import Request.
  Time since last request: 3.354368 seconds.
  path: Assets/Textures/Stickers/Adventurer Lose.png
  artifactKey: Guid(35aa91f4a31684d90806a66dfab19d1e) Importer(815301076,1909f56bfc062723c751e8b465ee728b)
Start importing Assets/Textures/Stickers/Adventurer Lose.png using Guid(35aa91f4a31684d90806a66dfab19d1e) Importer(815301076,1909f56bfc062723c751e8b465ee728b)  -> (artifact id: '882905bd81e0c62fe7e5b092857e788d') in 0.037041 seconds 
========================================================================
Received Import Request.
  Time since last request: 0.000058 seconds.
  path: Assets/Textures/Stickers/Adventurer Win.png
  artifactKey: Guid(d1dc075ef6e324c569a86a7dedc20d50) Importer(815301076,1909f56bfc062723c751e8b465ee728b)
Start importing Assets/Textures/Stickers/Adventurer Win.png using Guid(d1dc075ef6e324c569a86a7dedc20d50) Importer(815301076,1909f56bfc062723c751e8b465ee728b)  -> (artifact id: '53d3978a097ddb12a17e4c33aeaeba13') in 0.029183 seconds 
========================================================================
Received Import Request.
  Time since last request: 0.000064 seconds.
  path: Assets/Textures/Stickers/Air Tank.png
  artifactKey: Guid(afc623ddda20f4e5c8881706cdc3d059) Importer(815301076,1909f56bfc062723c751e8b465ee728b)
Start importing Assets/Textures/Stickers/Air Tank.png using Guid(afc623ddda20f4e5c8881706cdc3d059) Importer(815301076,1909f56bfc062723c751e8b465ee728b)  -> (artifact id: '6f709e38692482c482107b9d937efe5e') in 0.017594 seconds 
========================================================================
Received Import Request.
  Time since last request: 1.672862 seconds.
  path: Assets/SkySeries Freebie/ExampleScenes/SceneObjects/2_10.mat
  artifactKey: Guid(eb10b6f571322b443bec8c532c088270) Importer(815301076,1909f56bfc062723c751e8b465ee728b)
Start importing Assets/SkySeries Freebie/ExampleScenes/SceneObjects/2_10.mat using Guid(eb10b6f571322b443bec8c532c088270) Importer(815301076,1909f56bfc062723c751e8b465ee728b)  -> (artifact id: 'f9c3ad3adb0c6c42b45b7d4958022b8e') in 0.048994 seconds 
========================================================================
Received Import Request.
  Time since last request: 0.000070 seconds.
  path: Assets/Samples/Connection Sample/Materials/194.mat
  artifactKey: Guid(c9222a4b1b8f143c09f6271b278757b8) Importer(815301076,1909f56bfc062723c751e8b465ee728b)
Start importing Assets/Samples/Connection Sample/Materials/194.mat using Guid(c9222a4b1b8f143c09f6271b278757b8) Importer(815301076,1909f56bfc062723c751e8b465ee728b)  -> (artifact id: 'e74c4c9905b8c3f24aff7ee7b877d04e') in 0.054059 seconds 
========================================================================
Received Import Request.
  Time since last request: 0.000085 seconds.
  path: Assets/Samples/Connection Sample/Materials/Blue.mat
  artifactKey: Guid(06c97461c6bc2734b9f97197cb3bb00e) Importer(815301076,1909f56bfc062723c751e8b465ee728b)
Start importing Assets/Samples/Connection Sample/Materials/Blue.mat using Guid(06c97461c6bc2734b9f97197cb3bb00e) Importer(815301076,1909f56bfc062723c751e8b465ee728b)  -> (artifact id: '488ca2d727eac98afa4ba74225cc38ab') in 0.929519 seconds 
========================================================================
Received Import Request.
  Time since last request: 0.388041 seconds.
  path: Assets/TextMesh Pro/Fonts/LiberationSans.ttf
  artifactKey: Guid(e3265ab4bf004d28a9537516768c1c75) Importer(815301076,1909f56bfc062723c751e8b465ee728b)
Start importing Assets/TextMesh Pro/Fonts/LiberationSans.ttf using Guid(e3265ab4bf004d28a9537516768c1c75) Importer(815301076,1909f56bfc062723c751e8b465ee728b)  -> (artifact id: '62bb47790ee2d9d412a12237678d2ac3') in 1.298603 seconds 
========================================================================
Received Import Request.
  Time since last request: 0.000098 seconds.
  path: Assets/TextMesh Pro/Resources/Fonts & Materials/LiberationSans SDF - Fallback.asset
  artifactKey: Guid(2e498d1c8094910479dc3e1b768306a4) Importer(815301076,1909f56bfc062723c751e8b465ee728b)
Start importing Assets/TextMesh Pro/Resources/Fonts & Materials/LiberationSans SDF - Fallback.asset using Guid(2e498d1c8094910479dc3e1b768306a4) Importer(815301076,1909f56bfc062723c751e8b465ee728b)  -> (artifact id: '4ae0b4c69cacafc98267562864253fe8') in 0.064717 seconds 
========================================================================
Received Import Request.
  Time since last request: 0.000050 seconds.
  path: Assets/TextMesh Pro/Resources/Fonts & Materials/LiberationSans SDF - Drop Shadow.mat
  artifactKey: Guid(e73a58f6e2794ae7b1b7e50b7fb811b0) Importer(815301076,1909f56bfc062723c751e8b465ee728b)
Start importing Assets/TextMesh Pro/Resources/Fonts & Materials/LiberationSans SDF - Drop Shadow.mat using Guid(e73a58f6e2794ae7b1b7e50b7fb811b0) Importer(815301076,1909f56bfc062723c751e8b465ee728b)  -> (artifact id: '5378b2a1beb07015ed7152c09985a0d8') in 0.114806 seconds 
========================================================================
Received Import Request.
  Time since last request: 0.000057 seconds.
  path: Assets/Samples/Connection Sample/Materials/LightEmitter.mat
  artifactKey: Guid(197ab675ead73e34396f0189c627cf66) Importer(815301076,1909f56bfc062723c751e8b465ee728b)
Start importing Assets/Samples/Connection Sample/Materials/LightEmitter.mat using Guid(197ab675ead73e34396f0189c627cf66) Importer(815301076,1909f56bfc062723c751e8b465ee728b)  -> (artifact id: '9f38b5b91e021d9b278c6fa62c966984') in 0.011150 seconds 
========================================================================
Received Import Request.
  Time since last request: 0.000074 seconds.
  path: Assets/TextMesh Pro/Resources/Fonts & Materials/LiberationSans SDF.asset
  artifactKey: Guid(8f586378b4e144a9851e7b34d9b748ee) Importer(815301076,1909f56bfc062723c751e8b465ee728b)
Start importing Assets/TextMesh Pro/Resources/Fonts & Materials/LiberationSans SDF.asset using Guid(8f586378b4e144a9851e7b34d9b748ee) Importer(815301076,1909f56bfc062723c751e8b465ee728b)  -> (artifact id: '76a7cf57b98bdf2175178266b72d2706') in 0.043935 seconds 
========================================================================
Received Import Request.
  Time since last request: 46.991512 seconds.
  path: Assets/SkySeries Freebie/FreebieHdri/AmbienceExposure4k.hdr
  artifactKey: Guid(c9bc6cdb7a2e78b4c85ae74715b0a355) Importer(815301076,1909f56bfc062723c751e8b465ee728b)
Start importing Assets/SkySeries Freebie/FreebieHdri/AmbienceExposure4k.hdr using Guid(c9bc6cdb7a2e78b4c85ae74715b0a355) Importer(815301076,1909f56bfc062723c751e8b465ee728b)  -> (artifact id: '6ce4cf65ad3f8b25542f3b5a903b4326') in 0.089807 seconds 
========================================================================
Received Import Request.
  Time since last request: 1.508342 seconds.
  path: Assets/SkySeries Freebie/FreebieHdri/CloudedSunGlow4k.hdr
  artifactKey: Guid(12c15a8e5a294be45819b1dd4b9b08d3) Importer(815301076,1909f56bfc062723c751e8b465ee728b)
Start importing Assets/SkySeries Freebie/FreebieHdri/CloudedSunGlow4k.hdr using Guid(12c15a8e5a294be45819b1dd4b9b08d3) Importer(815301076,1909f56bfc062723c751e8b465ee728b)  -> (artifact id: 'b23faafa661ae4ce641056d31bd011ef') in 0.035933 seconds 
========================================================================
Received Prepare
Registering precompiled user dll's ...
Registered in 0.004630 seconds.
Begin MonoManager ReloadAssembly
Native extension for OSXStandalone target not found
Refreshing native plugins compatible for Editor in 0.87 ms, found 3 plugins.
Preloading 0 native plugins for Editor in 0.00 ms.
Mono: successfully reloaded assembly
- Completed reload, in  3.116 seconds
Domain Reload Profiling:
	ReloadAssembly (3134ms)
		BeginReloadAssembly (317ms)
			ExecutionOrderSort (0ms)
			DisableScriptedObjects (49ms)
			BackupInstance (0ms)
			ReleaseScriptingObjects (0ms)
			CreateAndSetChildDomain (68ms)
		EndReloadAssembly (2499ms)
			LoadAssemblies (177ms)
			RebuildTransferFunctionScriptingTraits (0ms)
			SetupTypeCache (276ms)
			ReleaseScriptCaches (1ms)
			RebuildScriptCaches (52ms)
			SetupLoadedEditorAssemblies (1662ms)
				LogAssemblyErrors (0ms)
				InitializePlatformSupportModulesInManaged (44ms)
				SetLoadedEditorAssemblies (1ms)
				RefreshPlugins (1ms)
				BeforeProcessingInitializeOnLoad (183ms)
				ProcessInitializeOnLoadAttributes (976ms)
				ProcessInitializeOnLoadMethodAttributes (455ms)
				AfterProcessingInitializeOnLoad (1ms)
				EditorAssembliesLoaded (1ms)
			ExecutionOrderSort2 (0ms)
			AwakeInstancesAfterBackupRestoration (55ms)
Platform modules already initialized, skipping
Refreshing native plugins compatible for Editor in 1.41 ms, found 3 plugins.
Preloading 0 native plugins for Editor in 0.00 ms.
Unloading 3866 Unused Serialized files (Serialized files now loaded: 0)
Unloading 43 unused Assets / (2.8 MB). Loaded Objects now: 4575.
Memory consumption went from 327.6 MB to 324.8 MB.
Total: 4.150042 ms (FindLiveObjects: 0.247417 ms CreateObjectMapping: 0.099625 ms MarkObjects: 2.570417 ms  DeleteObjects: 1.231458 ms)

AssetImportParameters requested are different than current active one (requested -> active):
  custom:video-decoder-ogg-theora: a1e56fd34408186e4bbccfd4996cb3dc -> 
  custom:container-muxer-webm: aa71ff27fc2769a1b78a27578f13a17b -> 
  custom:container-demuxer-webm: 4f35f7cbe854078d1ac9338744f61a02 -> 
  custom:video-encoder-webm-vp8: eb34c28f22e8b96e1ab97ce403110664 -> 
  custom:framework-osx-AVFoundation: e770b220cccbd017edd2c1fefb359320 -> 
  custom:audio-encoder-webm-vorbis: bf7c407c2cedff20999df2af8eb42d56 -> 
  custom:container-demuxer-ogg: 62fdf1f143b41e24485cea50d1cbac27 -> 
  custom:video-decoder-webm-vp8: 9c59270c3fd7afecdb556c50c9e8de78 -> 
  custom:audio-decoder-ogg-vorbis: bf7c407c2cedff20999df2af8eb42d56 -> 
========================================================================
Received Import Request.
  Time since last request: 465.340977 seconds.
  path: Assets/Samples/Materials/Skyboxes/Night.mat
  artifactKey: Guid(5726b55dafac84c91b8004e8a269bb46) Importer(815301076,1909f56bfc062723c751e8b465ee728b)
Start importing Assets/Samples/Materials/Skyboxes/Night.mat using Guid(5726b55dafac84c91b8004e8a269bb46) Importer(815301076,1909f56bfc062723c751e8b465ee728b)  -> (artifact id: '01880b1f827dc4bf785fef91ced804a4') in 0.897001 seconds 
========================================================================
Received Import Request.
  Time since last request: 0.000571 seconds.
  path: Assets/SkySeries Freebie/UnearthlyRed.mat
  artifactKey: Guid(5d133deeaa66ed445853e946ff25e073) Importer(815301076,1909f56bfc062723c751e8b465ee728b)
Start importing Assets/SkySeries Freebie/UnearthlyRed.mat using Guid(5d133deeaa66ed445853e946ff25e073) Importer(815301076,1909f56bfc062723c751e8b465ee728b)  -> (artifact id: '8ad48ab58db33f05232508d6b1fb1848') in 0.105866 seconds 
========================================================================
Received Import Request.
  Time since last request: 0.000079 seconds.
  path: Assets/SkySeries Freebie/SunlessCirruscover.mat
  artifactKey: Guid(4e154bf235e41704bbd6bbc6fd6c63f6) Importer(815301076,1909f56bfc062723c751e8b465ee728b)
Start importing Assets/SkySeries Freebie/SunlessCirruscover.mat using Guid(4e154bf235e41704bbd6bbc6fd6c63f6) Importer(815301076,1909f56bfc062723c751e8b465ee728b)  -> (artifact id: '0bdcde4fa645f03b78a66cb05a771800') in 0.043795 seconds 
========================================================================
Received Import Request.
  Time since last request: 0.000065 seconds.
  path: Assets/SkySeries Freebie/PlanetaryEarth.mat
  artifactKey: Guid(16bc8a9d5451ca44d8f70575adbece3a) Importer(815301076,1909f56bfc062723c751e8b465ee728b)
Start importing Assets/SkySeries Freebie/PlanetaryEarth.mat using Guid(16bc8a9d5451ca44d8f70575adbece3a) Importer(815301076,1909f56bfc062723c751e8b465ee728b)  -> (artifact id: '298c4ca7190261d235acf68a4b1fe29d') in 0.048083 seconds 
========================================================================
Received Import Request.
  Time since last request: 0.000084 seconds.
  path: Assets/Samples/Materials/Skyboxes/Starry Night.mat
  artifactKey: Guid(918b2dae2d76647b4b46bbd9aa6ce9a7) Importer(815301076,1909f56bfc062723c751e8b465ee728b)
Start importing Assets/Samples/Materials/Skyboxes/Starry Night.mat using Guid(918b2dae2d76647b4b46bbd9aa6ce9a7) Importer(815301076,1909f56bfc062723c751e8b465ee728b)  -> (artifact id: 'aeec1711f1f9ec0e91cf9840c4b92e06') in 0.021395 seconds 
========================================================================
Received Import Request.
  Time since last request: 396.858729 seconds.
  path: Assets/SkySeries Freebie/MegaSun.mat
  artifactKey: Guid(cede08c9fc471e64884909cd4bbeaf59) Importer(815301076,1909f56bfc062723c751e8b465ee728b)
Start importing Assets/SkySeries Freebie/MegaSun.mat using Guid(cede08c9fc471e64884909cd4bbeaf59) Importer(815301076,1909f56bfc062723c751e8b465ee728b)  -> (artifact id: 'efb137e6f7d29991c8ec2535c5963d05') in 0.039271 seconds 
========================================================================
Received Import Request.
  Time since last request: 0.054364 seconds.
  path: Assets/SkySeries Freebie/AmbienceExposure.mat
  artifactKey: Guid(72deae4d18418f94688abef8e8483df0) Importer(815301076,1909f56bfc062723c751e8b465ee728b)
Start importing Assets/SkySeries Freebie/AmbienceExposure.mat using Guid(72deae4d18418f94688abef8e8483df0) Importer(815301076,1909f56bfc062723c751e8b465ee728b)  -> (artifact id: '1bd20d636d82ea2b264c39fba9e0ab80') in 0.032741 seconds 
========================================================================
Received Import Request.
  Time since last request: 0.000084 seconds.
  path: Assets/Samples/Materials/Skyboxes/Cartoon.mat
  artifactKey: Guid(789ababcd264041e2b79dc266c3ee44b) Importer(815301076,1909f56bfc062723c751e8b465ee728b)
Start importing Assets/Samples/Materials/Skyboxes/Cartoon.mat using Guid(789ababcd264041e2b79dc266c3ee44b) Importer(815301076,1909f56bfc062723c751e8b465ee728b)  -> (artifact id: '38bec249ed43e284ad77eba19c95e46e') in 0.019068 seconds 
========================================================================
Received Import Request.
  Time since last request: 0.000057 seconds.
  path: Assets/SkySeries Freebie/6sidedCosmicCoolCloud.mat
  artifactKey: Guid(f531e09e2ad2fb440b4eed7605863143) Importer(815301076,1909f56bfc062723c751e8b465ee728b)
Start importing Assets/SkySeries Freebie/6sidedCosmicCoolCloud.mat using Guid(f531e09e2ad2fb440b4eed7605863143) Importer(815301076,1909f56bfc062723c751e8b465ee728b)  -> (artifact id: 'd24abf71796f45695bd27a4c6045c454') in 0.033924 seconds 
========================================================================
Received Import Request.
  Time since last request: 0.000067 seconds.
  path: Assets/Samples/Materials/Skyboxes/Dusk.mat
  artifactKey: Guid(3f4b04f0327db42c88f2cee1546c7c3e) Importer(815301076,1909f56bfc062723c751e8b465ee728b)
Start importing Assets/Samples/Materials/Skyboxes/Dusk.mat using Guid(3f4b04f0327db42c88f2cee1546c7c3e) Importer(815301076,1909f56bfc062723c751e8b465ee728b)  -> (artifact id: 'fc90d48b2a3ed9afaf70e15eed4defde') in 0.020705 seconds 
========================================================================
Received Import Request.
  Time since last request: 0.000070 seconds.
  path: Assets/SkySeries Freebie/CoriolisNight4k.mat
  artifactKey: Guid(d4454f71d85928744be7771e2143dab7) Importer(815301076,1909f56bfc062723c751e8b465ee728b)
Start importing Assets/SkySeries Freebie/CoriolisNight4k.mat using Guid(d4454f71d85928744be7771e2143dab7) Importer(815301076,1909f56bfc062723c751e8b465ee728b)  -> (artifact id: 'bc83ecb4257ec4f031a8654251bc9357') in 0.031857 seconds 
========================================================================
Received Import Request.
  Time since last request: 0.000072 seconds.
  path: Assets/SkySeries Freebie/DarkStorm.mat
  artifactKey: Guid(2039a0ad0a9d05549928b70362f54902) Importer(815301076,1909f56bfc062723c751e8b465ee728b)
Start importing Assets/SkySeries Freebie/DarkStorm.mat using Guid(2039a0ad0a9d05549928b70362f54902) Importer(815301076,1909f56bfc062723c751e8b465ee728b)  -> (artifact id: '254bff32d02a3ea5c8676fe6ebd24809') in 0.031463 seconds 
========================================================================
Received Import Request.
  Time since last request: 0.000059 seconds.
  path: Assets/SkySeries Freebie/CosmicCoolCloud_Eq.mat
  artifactKey: Guid(369b9ebe3a62b904dbc19bd332b44086) Importer(815301076,1909f56bfc062723c751e8b465ee728b)
Start importing Assets/SkySeries Freebie/CosmicCoolCloud_Eq.mat using Guid(369b9ebe3a62b904dbc19bd332b44086) Importer(815301076,1909f56bfc062723c751e8b465ee728b)  -> (artifact id: '0076be4be031c61e0e14e277e757015c') in 0.028772 seconds 
========================================================================
Received Import Request.
  Time since last request: 0.000092 seconds.
  path: Assets/SkySeries Freebie/FluffballDay.mat
  artifactKey: Guid(20d4f77b9022eab48b4d94599ed4bf82) Importer(815301076,1909f56bfc062723c751e8b465ee728b)
Start importing Assets/SkySeries Freebie/FluffballDay.mat using Guid(20d4f77b9022eab48b4d94599ed4bf82) Importer(815301076,1909f56bfc062723c751e8b465ee728b)  -> (artifact id: '0c9b6e5bb5fadafe77c9948e71daf73d') in 0.032913 seconds 
========================================================================
Received Import Request.
  Time since last request: 1.495072 seconds.
  path: Assets/SkySeries Freebie/FreebieHdri/FluffballDayFront.hdr
  artifactKey: Guid(4499836ec803a0443834895abc208fba) Importer(815301076,1909f56bfc062723c751e8b465ee728b)
Start importing Assets/SkySeries Freebie/FreebieHdri/FluffballDayFront.hdr using Guid(4499836ec803a0443834895abc208fba) Importer(815301076,1909f56bfc062723c751e8b465ee728b)  -> (artifact id: 'd08e8b9a120f8ee667b6e7eb750c65b0') in 0.036501 seconds 
========================================================================
Received Import Request.
  Time since last request: 0.000090 seconds.
  path: Assets/SkySeries Freebie/FreebieHdri/FluffballDayLeft.hdr
  artifactKey: Guid(a78d8299279fda54098aca1c72ecfae1) Importer(815301076,1909f56bfc062723c751e8b465ee728b)
Start importing Assets/SkySeries Freebie/FreebieHdri/FluffballDayLeft.hdr using Guid(a78d8299279fda54098aca1c72ecfae1) Importer(815301076,1909f56bfc062723c751e8b465ee728b)  -> (artifact id: '665c429db37ac83183afa0b1bb5947cf') in 0.011071 seconds 
========================================================================
Received Import Request.
  Time since last request: 0.000061 seconds.
  path: Assets/SkySeries Freebie/FreebieHdri/FluffballDayBottom.hdr
  artifactKey: Guid(42e0664ae4c5c424ebcd980a10687e18) Importer(815301076,1909f56bfc062723c751e8b465ee728b)
Start importing Assets/SkySeries Freebie/FreebieHdri/FluffballDayBottom.hdr using Guid(42e0664ae4c5c424ebcd980a10687e18) Importer(815301076,1909f56bfc062723c751e8b465ee728b)  -> (artifact id: '616ebd68714c80c1579818ee4fedc4db') in 0.008099 seconds 
========================================================================
Received Import Request.
  Time since last request: 19.856452 seconds.
  path: Assets/SkySeries Freebie/FreebieHdri
  artifactKey: Guid(d78fe5a22bec38d43bbe7e846ac3925a) Importer(815301076,1909f56bfc062723c751e8b465ee728b)
Start importing Assets/SkySeries Freebie/FreebieHdri using Guid(d78fe5a22bec38d43bbe7e846ac3925a) Importer(815301076,1909f56bfc062723c751e8b465ee728b)  -> (artifact id: '609cbf5aa63520fc2873ce12e2ee30cf') in 0.001671 seconds 
========================================================================
Received Import Request.
  Time since last request: 1.622812 seconds.
  path: Assets/SkySeries Freebie/FreebieHdri/CosmicCoolCloudFront.hdr
  artifactKey: Guid(d822c5eff7d42f04691027bc8c2b0716) Importer(815301076,1909f56bfc062723c751e8b465ee728b)
Start importing Assets/SkySeries Freebie/FreebieHdri/CosmicCoolCloudFront.hdr using Guid(d822c5eff7d42f04691027bc8c2b0716) Importer(815301076,1909f56bfc062723c751e8b465ee728b)  -> (artifact id: 'f92ab25579021320b1bf82afe4af761b') in 0.012523 seconds 
========================================================================
Received Import Request.
  Time since last request: 0.000063 seconds.
  path: Assets/SkySeries Freebie/FreebieHdri/CosmicCoolCloudTop.hdr
  artifactKey: Guid(a199da0432efa6a489df8883d1f3bfe0) Importer(815301076,1909f56bfc062723c751e8b465ee728b)
Start importing Assets/SkySeries Freebie/FreebieHdri/CosmicCoolCloudTop.hdr using Guid(a199da0432efa6a489df8883d1f3bfe0) Importer(815301076,1909f56bfc062723c751e8b465ee728b)  -> (artifact id: '090ee9c28c4517ad19f98fdacea2dbbb') in 0.011139 seconds 
========================================================================
Received Import Request.
  Time since last request: 0.000050 seconds.
  path: Assets/SkySeries Freebie/FreebieHdri/CosmicCoolCloudBottom.hdr
  artifactKey: Guid(94b877781ad034640abce933599b6f2e) Importer(815301076,1909f56bfc062723c751e8b465ee728b)
Start importing Assets/SkySeries Freebie/FreebieHdri/CosmicCoolCloudBottom.hdr using Guid(94b877781ad034640abce933599b6f2e) Importer(815301076,1909f56bfc062723c751e8b465ee728b)  -> (artifact id: 'e852ab1d8bd10f2a758c9fa595566606') in 0.010680 seconds 
========================================================================
Received Import Request.
  Time since last request: 0.623897 seconds.
  path: Assets/SkySeries Freebie/FreebieHdri/CasualDay4K.hdr
  artifactKey: Guid(1153dc89e66880c4eb7adc16ba588855) Importer(815301076,1909f56bfc062723c751e8b465ee728b)
Start importing Assets/SkySeries Freebie/FreebieHdri/CasualDay4K.hdr using Guid(1153dc89e66880c4eb7adc16ba588855) Importer(815301076,1909f56bfc062723c751e8b465ee728b)  -> (artifact id: '4fad7662a2d28cf71df941d7a65e06dc') in 0.050684 seconds 
========================================================================
Received Import Request.
  Time since last request: 3.975289 seconds.
  path: Assets/SkySeries Freebie/FreebieHdri/Cloudymorning4k.hdr
  artifactKey: Guid(3b5d67736d7b8ad4f8da4d58eaef0b98) Importer(815301076,1909f56bfc062723c751e8b465ee728b)
Start importing Assets/SkySeries Freebie/FreebieHdri/Cloudymorning4k.hdr using Guid(3b5d67736d7b8ad4f8da4d58eaef0b98) Importer(815301076,1909f56bfc062723c751e8b465ee728b)  -> (artifact id: 'b1d7b92000422b55b0dc699b4bd9f58b') in 0.035455 seconds 
========================================================================
Received Import Request.
  Time since last request: 0.902148 seconds.
  path: Assets/SkySeries Freebie/FreebieHdri/CloudedSunGlow4k.hdr
  artifactKey: Guid(12c15a8e5a294be45819b1dd4b9b08d3) Importer(815301076,1909f56bfc062723c751e8b465ee728b)
Start importing Assets/SkySeries Freebie/FreebieHdri/CloudedSunGlow4k.hdr using Guid(12c15a8e5a294be45819b1dd4b9b08d3) Importer(815301076,1909f56bfc062723c751e8b465ee728b)  -> (artifact id: '2fc9b550af710c4e4c5f8cd893524fa8') in 0.035979 seconds 
========================================================================
Received Import Request.
  Time since last request: 27.015693 seconds.
  path: Assets/SkySeries Freebie/FreebieHdri/AmbienceExposure4k.hdr
  artifactKey: Guid(c9bc6cdb7a2e78b4c85ae74715b0a355) Importer(815301076,1909f56bfc062723c751e8b465ee728b)
Start importing Assets/SkySeries Freebie/FreebieHdri/AmbienceExposure4k.hdr using Guid(c9bc6cdb7a2e78b4c85ae74715b0a355) Importer(815301076,1909f56bfc062723c751e8b465ee728b)  -> (artifact id: '06751c27ca682d46fec477bdf4d01349') in 0.037513 seconds 
========================================================================
Received Import Request.
  Time since last request: 0.000113 seconds.
  path: Assets/SkySeries Freebie/FreebieHdri/DayInTheClouds4k.hdr
  artifactKey: Guid(90196f2c2d8d2f2448717676e1a09894) Importer(815301076,1909f56bfc062723c751e8b465ee728b)
Start importing Assets/SkySeries Freebie/FreebieHdri/DayInTheClouds4k.hdr using Guid(90196f2c2d8d2f2448717676e1a09894) Importer(815301076,1909f56bfc062723c751e8b465ee728b)  -> (artifact id: '110f692f444948c9db1d4d5c702a52e2') in 0.033504 seconds 
========================================================================
Received Import Request.
  Time since last request: 0.000048 seconds.
  path: Assets/SkySeries Freebie/FreebieHdri/CosmicCoolCloudEQ_hdr.exr
  artifactKey: Guid(09999639e73bcd64abda22253af612d8) Importer(815301076,1909f56bfc062723c751e8b465ee728b)
Start importing Assets/SkySeries Freebie/FreebieHdri/CosmicCoolCloudEQ_hdr.exr using Guid(09999639e73bcd64abda22253af612d8) Importer(815301076,1909f56bfc062723c751e8b465ee728b)  -> (artifact id: '8eed9df31e4455eee058a158aefdda3d') in 2.043746 seconds 
========================================================================
Received Import Request.
  Time since last request: 7.722714 seconds.
  path: Assets/SkySeries Freebie/FreebieHdri/HighFantasy4k.hdr
  artifactKey: Guid(6e998e53d0a82bb45928cd08a0fcfff3) Importer(815301076,1909f56bfc062723c751e8b465ee728b)
Start importing Assets/SkySeries Freebie/FreebieHdri/HighFantasy4k.hdr using Guid(6e998e53d0a82bb45928cd08a0fcfff3) Importer(815301076,1909f56bfc062723c751e8b465ee728b)  -> (artifact id: '4ee37fa3ae64d7b87b2bca84054339ec') in 0.038712 seconds 
========================================================================
Received Import Request.
  Time since last request: 0.000083 seconds.
  path: Assets/SkySeries Freebie/FreebieHdri/MegaSunBack.hdr
  artifactKey: Guid(4e52cbaf92b83a94cb86bed75ed34652) Importer(815301076,1909f56bfc062723c751e8b465ee728b)
Start importing Assets/SkySeries Freebie/FreebieHdri/MegaSunBack.hdr using Guid(4e52cbaf92b83a94cb86bed75ed34652) Importer(815301076,1909f56bfc062723c751e8b465ee728b)  -> (artifact id: '89958eef69e3f2b5e673ded5d8344f4a') in 0.010342 seconds 
========================================================================
Received Import Request.
  Time since last request: 0.810399 seconds.
  path: Assets/SkySeries Freebie/FreebieHdri/MegaSunBottom.hdr
  artifactKey: Guid(3de85f3af41435a4c8f9d237bc1f19ec) Importer(815301076,1909f56bfc062723c751e8b465ee728b)
Start importing Assets/SkySeries Freebie/FreebieHdri/MegaSunBottom.hdr using Guid(3de85f3af41435a4c8f9d237bc1f19ec) Importer(815301076,1909f56bfc062723c751e8b465ee728b)  -> (artifact id: '68f74002cca878c567e3e88761185aa6') in 0.009731 seconds 
========================================================================
Received Import Request.
  Time since last request: 0.012593 seconds.
  path: Assets/SkySeries Freebie/FreebieHdri/MegaSunRight.hdr
  artifactKey: Guid(f5760fc943c5eb643a2291630888f6a1) Importer(815301076,1909f56bfc062723c751e8b465ee728b)
Start importing Assets/SkySeries Freebie/FreebieHdri/MegaSunRight.hdr using Guid(f5760fc943c5eb643a2291630888f6a1) Importer(815301076,1909f56bfc062723c751e8b465ee728b)  -> (artifact id: '80fd831c49c40c02421df999f62fbbf5') in 0.012916 seconds 
========================================================================
Received Import Request.
  Time since last request: 0.000059 seconds.
  path: Assets/SkySeries Freebie/FreebieHdri/PlanetaryEarth4k.hdr
  artifactKey: Guid(3675d0c3c874f6b479bab57eb7e68c90) Importer(815301076,1909f56bfc062723c751e8b465ee728b)
Start importing Assets/SkySeries Freebie/FreebieHdri/PlanetaryEarth4k.hdr using Guid(3675d0c3c874f6b479bab57eb7e68c90) Importer(815301076,1909f56bfc062723c751e8b465ee728b)  -> (artifact id: '79494024be70673fa17891040287645c') in 0.031086 seconds 
========================================================================
Received Import Request.
  Time since last request: 0.000063 seconds.
  path: Assets/SkySeries Freebie/FreebieHdri/SunlessCirruscover4k.hdr
  artifactKey: Guid(99af420a4ccafa74abdc47436d8b0685) Importer(815301076,1909f56bfc062723c751e8b465ee728b)
Start importing Assets/SkySeries Freebie/FreebieHdri/SunlessCirruscover4k.hdr using Guid(99af420a4ccafa74abdc47436d8b0685) Importer(815301076,1909f56bfc062723c751e8b465ee728b)  -> (artifact id: '6699cf25ba13a593225ad4402bc2b0b1') in 0.031329 seconds 
========================================================================
Received Import Request.
  Time since last request: 0.000095 seconds.
  path: Assets/SkySeries Freebie/FreebieHdri/UnearthlyRed4k.hdr
  artifactKey: Guid(a3de28b69b48944438c87668bd722ae7) Importer(815301076,1909f56bfc062723c751e8b465ee728b)
Start importing Assets/SkySeries Freebie/FreebieHdri/UnearthlyRed4k.hdr using Guid(a3de28b69b48944438c87668bd722ae7) Importer(815301076,1909f56bfc062723c751e8b465ee728b)  -> (artifact id: '0b99f3b14c1ea5a79d2720c1a2305daf') in 0.032989 seconds 
========================================================================
Received Import Request.
  Time since last request: 70.456392 seconds.
  path: Assets/SkySeries Freebie/FreebieHdri/Materials
  artifactKey: Guid(842d3068747c0430899cb15556b00865) Importer(815301076,1909f56bfc062723c751e8b465ee728b)
Start importing Assets/SkySeries Freebie/FreebieHdri/Materials using Guid(842d3068747c0430899cb15556b00865) Importer(815301076,1909f56bfc062723c751e8b465ee728b)  -> (artifact id: '0583fe0ec2aebeb60159acbb77d40cf6') in 0.002155 seconds 
========================================================================
Received Import Request.
  Time since last request: 0.078448 seconds.
  path: Assets/SkySeries Freebie/FreebieHdri/Materials/CasualDay4K.mat
  artifactKey: Guid(a611a4128833d4e73b29236a413d4310) Importer(815301076,1909f56bfc062723c751e8b465ee728b)
Start importing Assets/SkySeries Freebie/FreebieHdri/Materials/CasualDay4K.mat using Guid(a611a4128833d4e73b29236a413d4310) Importer(815301076,1909f56bfc062723c751e8b465ee728b)  -> (artifact id: 'd4115f6736319bbb6c39b5f4da56b1a6') in 0.011758 seconds 
========================================================================
Received Import Request.
  Time since last request: 7.377629 seconds.
  path: Assets/SkySeries Freebie/ExampleScenes
  artifactKey: Guid(86425fc531d96d146b84220a347e07f7) Importer(815301076,1909f56bfc062723c751e8b465ee728b)
Start importing Assets/SkySeries Freebie/ExampleScenes using Guid(86425fc531d96d146b84220a347e07f7) Importer(815301076,1909f56bfc062723c751e8b465ee728b)  -> (artifact id: '3a9fba347d94e84dff685809bd392f64') in 0.003140 seconds 
========================================================================
Received Import Request.
  Time since last request: 3.880334 seconds.
  path: Assets/SkySeries Freebie/ExampleScenes/AmbienceExposure.unity
  artifactKey: Guid(8d47f25a25106dd4fb4f92261f369863) Importer(815301076,1909f56bfc062723c751e8b465ee728b)
Start importing Assets/SkySeries Freebie/ExampleScenes/AmbienceExposure.unity using Guid(8d47f25a25106dd4fb4f92261f369863) Importer(815301076,1909f56bfc062723c751e8b465ee728b)  -> (artifact id: 'f8e2e809016f3c7f5e79d237e89a21b0') in 0.009252 seconds 
